<?xml version="1.0" encoding="UTF-8"?>
<!-- Generated by org.testng.reporters.JUnitXMLReporter -->
<testsuite hostname="Daniel" name="Compare tables Test " tests="1" failures="1" timestamp="11 Aug 2015 10:48:52 GMT" time="17.411" errors="0">
  <testcase name="search_and_sort_result_by_name" time="11.98" classname="com.automation.tests.FrontEndAutomation">
    <failure type="java.lang.NullPointerException">
      <![CDATA[java.lang.NullPointerException
	at com.automation.pageObjects.HomePage.search(HomePage.java:31)
	at com.automation.tests.FrontEndAutomation.search_and_sort_result_by_name(FrontEndAutomation.java:28)
... Removed 24 stack frames]]>
    </failure>
  </testcase> <!-- search_and_sort_result_by_name -->
</testsuite> <!-- Compare tables Test  -->
